<?xml version="1.0" encoding="UTF-8"?>
<!-- Generated by org.testng.reporters.JUnitReportReporter -->
<testsuite skipped="0" hostname="IBM791-PC077PQF" name="tests.TC002_EditLead" tests="2" failures="0" timestamp="02 Sep 2018 05:29:58 GMT" time="39.079" errors="0">
  <testcase name="editLead" time="18.996" classname="tests.TC002_EditLead"/>
  <testcase name="editLead" time="20.083" classname="tests.TC002_EditLead"/>
</testsuite> <!-- tests.TC002_EditLead -->
